Log file open, 06/29/26 13:43:50
LogTrace: Initializing trace...
LogTrace: Finished trace initialization.
LogInit: Session CrashGUID >====================================================
         Session CrashGUID >   UECC-Windows-944B70F5449097AA67A6E0B3CE1C4742
         Session CrashGUID >====================================================
LogConfig: No local boot hotfix file found at: [../../../../../../Users/Noelia/Documents/GitHub/Multiplataformas_NoeliayLuciana/Ledesma_Roberto_TP2/Saved/PersistentDownloadDir/HotfixForNextBoot.txt]
LogPluginManager: Mounting Engine plugin PlatformCrypto
LogInit: ExecutableName: UnrealPak.exe
LogInit: Build: ++UE5+Release-5.6-CL-44394996
LogInit: Platform=WindowsEditor
LogInit: MachineId=f2ff2aaa45ff0d8015d503887606bfde
LogInit: DeviceId=
LogInit: Engine Version: 5.6.1-44394996+++UE5+Release-5.6
LogInit: Compatible Engine Version: 5.6.0-43139311+++UE5+Release-5.6
LogInit: Net CL: 43139311
LogInit: OS: Windows 11 (25H2) [10.0.26200.8457] (), CPU: AMD Ryzen 5 5600GT with Radeon Graphics        , GPU: NVIDIA GeForce RTX 3050
LogInit: Compiled (64-bit): Jul 28 2025 21:09:38
LogInit: Architecture: x64
LogInit: Compiled with Visual C++: 19.38.33130.00
LogInit: Build Configuration: Development
LogInit: Branch Name: ++UE5+Release-5.6
LogInit: Command Line: -CreateGlobalContainer=C:\Users\Noelia\Documents\GitHub\Multiplataformas_NoeliayLuciana\Ledesma_Roberto_TP2\Saved\StagedBuilds\Windows\Ledesma_Roberto_TP2\Content\Paks\global.utoc -PackageStoreManifest=C:\Users\Noelia\Documents\GitHub\Multiplataformas_NoeliayLuciana\Ledesma_Roberto_TP2\Saved\Cooked\Windows\Ledesma_Roberto_TP2\Metadata\packagestore.manifest -CookedDirectory=C:\Users\Noelia\Documents\GitHub\Multiplataformas_NoeliayLuciana\Ledesma_Roberto_TP2\Saved\Cooked\Windows -Commands="C:\Users\Noelia\AppData\Roaming\Unreal Engine\AutomationTool\Logs\C+Program+Files+Epic+Games+UE_5.6\IoStoreCommands.txt" -ScriptObjects=C:\Users\Noelia\Documents\GitHub\Multiplataformas_NoeliayLuciana\Ledesma_Roberto_TP2\Saved\Cooked\Windows\Ledesma_Roberto_TP2\Metadata\scriptobjects.bin -patchpaddingalign=2048 -compressionformats=Oodle -compresslevel=4 -compressmethod=Kraken -cryptokeys=C:\Users\Noelia\Documents\GitHub\Multiplataformas_NoeliayLuciana\Ledesma_Roberto_TP2\Saved\Cooked\Windows\Ledesma_Roberto_TP2\Metadata\Crypto.json -compressionMinBytesSaved=1024 -compressionMinPercentSaved=5 -WriteBackMetadataToAssetRegistry=Disabled -nopak
LogInit: Base Directory: C:/Program Files/Epic Games/UE_5.6/Engine/Binaries/Win64/
LogInit: Allocator: Mimalloc
LogInit: Installed Engine Build: 1
LogInit: This binary is optimized with LTO: no, PGO: no, instrumented for PGO data collection: no
LogDevObjectVersion: Number of dev versions registered: 35
LogDevObjectVersion:   Dev-Blueprints (B0D832E4-1F89-4F0D-ACCF-7EB736FD4AA2): 10
LogDevObjectVersion:   Dev-Build (E1C64328-A22C-4D53-A36C-8E866417BD8C): 0
LogDevObjectVersion:   Dev-Core (375EC13C-06E4-48FB-B500-84F0262A717E): 4
LogDevObjectVersion:   Dev-Editor (E4B068ED-F494-42E9-A231-DA0B2E46BB41): 40
LogDevObjectVersion:   Dev-Framework (CFFC743F-43B0-4480-9391-14DF171D2073): 37
LogDevObjectVersion:   Dev-Mobile (B02B49B5-BB20-44E9-A304-32B752E40360): 3
LogDevObjectVersion:   Dev-Networking (A4E4105C-59A1-49B5-A7C5-40C4547EDFEE): 0
LogDevObjectVersion:   Dev-Online (39C831C9-5AE6-47DC-9A44-9C173E1C8E7C): 0
LogDevObjectVersion:   Dev-Physics (78F01B33-EBEA-4F98-B9B4-84EACCB95AA2): 20
LogDevObjectVersion:   Dev-Platform (6631380F-2D4D-43E0-8009-CF276956A95A): 0
LogDevObjectVersion:   Dev-Rendering (12F88B9F-8875-4AFC-A67C-D90C383ABD29): 49
LogDevObjectVersion:   Dev-Sequencer (7B5AE74C-D270-4C10-A958-57980B212A5A): 13
LogDevObjectVersion:   Dev-VR (D7296918-1DD6-4BDD-9DE2-64A83CC13884): 3
LogDevObjectVersion:   Dev-LoadTimes (C2A15278-BFE7-4AFE-6C17-90FF531DF755): 1
LogDevObjectVersion:   Private-Geometry (6EACA3D4-40EC-4CC1-B786-8BED09428FC5): 3
LogDevObjectVersion:   Dev-AnimPhys (29E575DD-E0A3-4627-9D10-D276232CDCEA): 17
LogDevObjectVersion:   Dev-Anim (AF43A65D-7FD3-4947-9873-3E8ED9C1BB05): 15
LogDevObjectVersion:   Dev-ReflectionCapture (6B266CEC-1EC7-4B8F-A30B-E4D90942FC07): 1
LogDevObjectVersion:   Dev-Automation (0DF73D61-A23F-47EA-B727-89E90C41499A): 1
LogDevObjectVersion:   FortniteMain (601D1886-AC64-4F84-AA16-D3DE0DEAC7D6): 207
LogDevObjectVersion:   FortniteValkyrie (8DBC2C5B-54A7-43E0-A768-FCBB7DA29060): 8
LogDevObjectVersion:   FortniteSeason (5B4C06B7-2463-4AF8-805B-BF70CDF5D0DD): 13
LogDevObjectVersion:   FortniteRelease (E7086368-6B23-4C58-8439-1B7016265E91): 17
LogDevObjectVersion:   Dev-Enterprise (9DFFBCD6-494F-0158-E221-12823C92A888): 11
LogDevObjectVersion:   Dev-Niagara (F2AED0AC-9AFE-416F-8664-AA7FFA26D6FC): 1
LogDevObjectVersion:   Dev-Destruction (174F1F0B-B4C6-45A5-B13F-2EE8D0FB917D): 10
LogDevObjectVersion:   Dev-Physics-Ext (35F94A83-E258-406C-A318-09F59610247C): 41
LogDevObjectVersion:   Dev-PhysicsMaterial-Chaos (B68FC16E-8B1B-42E2-B453-215C058844FE): 1
LogDevObjectVersion:   Dev-CineCamera (B2E18506-4273-CFC2-A54E-F4BB758BBA07): 1
LogDevObjectVersion:   Dev-VirtualProduction (64F58936-FD1B-42BA-BA96-7289D5D0FA4E): 1
LogDevObjectVersion:   UE5-Main (697DD581-E64F-41AB-AA4A-51ECBEB7B628): 121
LogDevObjectVersion:   UE5-Release (D89B5E42-24BD-4D46-8412-ACA8DF641779): 56
LogDevObjectVersion:   UE5-SpecialProject (59DA5D52-1232-4948-B878-597870B8E98B): 9
LogDevObjectVersion:   Dev-MediaFramework (6F0ED827-A609-4895-9C91-998D90180EA4): 2
LogDevObjectVersion:   Dev-NaniteResearch (30D58BE3-95EA-4282-A6E3-B159D8EBB06A): 1
LogInit: Presizing for max 100000 objects, including 0 objects not considered by GC.
LogInit: Object subsystem initialized
LogConfig: Applying CVar settings from Section [Startup] File [../../../Engine/Config/ConsoleVariables.ini]
LogConfig: CVar [[r.DumpShaderDebugInfo:2]] deferred - dummy variable created
LogConfig: CVar [[p.chaos.AllowCreatePhysxBodies:1]] deferred - dummy variable created
LogConfig: CVar [[fx.SkipVectorVMBackendOptimizations:1]] deferred - dummy variable created
LogConfig: CVar [[ds.CADTranslator.Meshing.ActivateThinZoneMeshing:0]] deferred - dummy variable created
LogConfig: CVar [[ds.CADTranslator.Stitching.RemoveThinFaces:0]] deferred - dummy variable created
[2026.06.29-16.43.51:002][  0]LogConfig: Applying CVar settings from Section [Startup_Windows] File [../../../Engine/Config/ConsoleVariables.ini]
[2026.06.29-16.43.51:002][  0]LogConfig: Applying CVar settings from Section [ConsoleVariables] File [Engine]
[2026.06.29-16.43.51:002][  0]LogInit: Computer: DESKTOP-AERA584
[2026.06.29-16.43.51:002][  0]LogInit: User: Noelia
[2026.06.29-16.43.51:002][  0]LogInit: CPU Page size=4096, Cores=6
[2026.06.29-16.43.51:002][  0]LogInit: High frequency timer resolution =10.000000 MHz
[2026.06.29-16.43.51:002][  0]LogMemory: Process is running as part of a Windows Job with separate resource limits
[2026.06.29-16.43.51:002][  0]LogMemory: Memory total: Physical=13.9GB (14GB approx) Virtual=29.4GB
[2026.06.29-16.43.51:002][  0]LogMemory: Platform Memory Stats for WindowsEditor
[2026.06.29-16.43.51:002][  0]LogMemory: Process Physical Memory: 65.41 MB used, 65.41 MB peak
[2026.06.29-16.43.51:002][  0]LogMemory: Process Virtual Memory: 119.90 MB used, 119.90 MB peak
[2026.06.29-16.43.51:002][  0]LogMemory: Physical Memory: 7220.12 MB used,  7009.41 MB free, 14229.54 MB total
[2026.06.29-16.43.51:002][  0]LogMemory: Virtual Memory: 21793.12 MB used,  8308.41 MB free, 30101.54 MB total
[2026.06.29-16.43.51:009][  0]LogAssetRegistry: FAssetRegistry took 0.0001 seconds to start up
[2026.06.29-16.43.51:010][  0]LogUObjectArray: 462 objects as part of root set at end of initial load.
[2026.06.29-16.43.51:010][  0]LogUObjectArray: CloseDisregardForGC: 0/0 objects in disregard for GC pool
[2026.06.29-16.43.51:010][  0]LogInit: Using OS detected language ().
[2026.06.29-16.43.51:010][  0]LogInit: Using OS detected locale ().
[2026.06.29-16.43.51:011][  0]LogTextLocalizationManager: No localization for '' exists, so 'en' will be used for the language.
[2026.06.29-16.43.51:011][  0]LogTextLocalizationManager: No localization for '' exists, so 'en' will be used for the locale.
[2026.06.29-16.43.51:011][  0]LogInit: Using OS detected language ().
[2026.06.29-16.43.51:011][  0]LogInit: Using OS detected locale ().
[2026.06.29-16.43.51:011][  0]LogTextLocalizationManager: No localization for '' exists, so 'en' will be used for the language.
[2026.06.29-16.43.51:011][  0]LogTextLocalizationManager: No localization for '' exists, so 'en' will be used for the locale.
[2026.06.29-16.43.51:012][  0]LogPakFile: Display: ProjectDir: ../../../../../../Users/Noelia/Documents/GitHub/Multiplataformas_NoeliayLuciana/Ledesma_Roberto_TP2/
[2026.06.29-16.43.51:013][  0]LogIoStore: Display: ==================== IoStore Utils ====================
[2026.06.29-16.43.51:016][  0]LogIoStore: Display: Parsing crypto keys from a crypto key cache file 'C:\Users\Noelia\Documents\GitHub\Multiplataformas_NoeliayLuciana\Ledesma_Roberto_TP2\Saved\Cooked\Windows\Ledesma_Roberto_TP2\Metadata\Crypto.json'
[2026.06.29-16.43.51:021][  0]LogIoStore: Display: Container signing - DISABLED
[2026.06.29-16.43.51:021][  0]LogIoStore: Display: Directory index - ENABLED
[2026.06.29-16.43.51:021][  0]LogIoStore: Display: Using compression format 'Oodle'
[2026.06.29-16.43.51:021][  0]LogIoStore: Display: Using memory mapping alignment '16384'
[2026.06.29-16.43.51:021][  0]LogIoStore: Display: Using compression block size '65536'
[2026.06.29-16.43.51:021][  0]LogIoStore: Display: Using compression block alignment '2048'
[2026.06.29-16.43.51:021][  0]LogIoStore: Display: Using compression min bytes saved '1024'
[2026.06.29-16.43.51:021][  0]LogIoStore: Display: Using compression min percent saved '5'
[2026.06.29-16.43.51:021][  0]LogIoStore: Display: Using max partition size '0'
[2026.06.29-16.43.51:021][  0]LogIoStore: Display: Not using DDC for compression
[2026.06.29-16.43.51:021][  0]LogIoStore: Display: Using command list file: 'C:\Users\Noelia\AppData\Roaming\Unreal Engine\AutomationTool\Logs\C+Program+Files+Epic+Games+UE_5.6\IoStoreCommands.txt'
[2026.06.29-16.43.51:045][  0]LogIoStore: Display: Selected Oodle level 4 (Normal) from command line for shaders
[2026.06.29-16.43.51:046][  0]LogIoStore: Display: Fetched 1308 oplog items from Manifest in 0.00 seconds
[2026.06.29-16.43.51:055][  0]LogIoStore: Display: Parsed 1308 oplog items 0.01 seconds, 1953 chunks
[2026.06.29-16.43.51:069][  0]LogIoStore: Display: Using input asset registry: C:/Users/Noelia/Documents/GitHub/Multiplataformas_NoeliayLuciana/Ledesma_Roberto_TP2/Saved/Cooked/Windows/Ledesma_Roberto_TP2/Metadata/DevelopmentAssetRegistry.bin
[2026.06.29-16.43.51:089][  0]LogIoStore: Display: Loaded 656 chunk hashes from AssetRegistry in 0.03 seconds, 656 hashes updated in 0.00 seconds
[2026.06.29-16.43.51:097][  0]LogIoStore: Display: Searching for cooked assets in folder 'C:\Users\Noelia\Documents\GitHub\Multiplataformas_NoeliayLuciana\Ledesma_Roberto_TP2\Saved\Cooked\Windows'
[2026.06.29-16.43.51:145][  0]LogIoStore: Display: Found '3258' files
[2026.06.29-16.43.51:164][  0]LogIoStore: Display: Creating container targets...
[2026.06.29-16.43.51:172][  0]OodleDataCompression: Display: Oodle v2.9.13 format for pak/iostore with method=Kraken, level=4=Normal
[2026.06.29-16.43.51:227][  0]LogIoStore: Display: Parsing packages...
[2026.06.29-16.43.51:228][  0]LogIoStore: Display: Reading package assets...
[2026.06.29-16.43.51:345][  0]LogIoStore: Display: Reading 1000/1297: 'C:/Users/Noelia/Documents/GitHub/Multiplataformas_NoeliayLuciana/Ledesma_Roberto_TP2/Saved/Cooked/Windows/Ledesma_Roberto_TP2/Content/DESCARGAS/cama/bed1-3covers_normal_tga.uasset'
[2026.06.29-16.43.51:378][  0]LogIoStore: Display: Packages read 1,297 files in 0.15 seconds, 2,054,046 total bytes, 13,655,976 bytes per second
[2026.06.29-16.43.51:389][  0]LogIoStore: Display: Processing shader libraries, compressing with Oodle Mermaid, level 4 (Normal)
[2026.06.29-16.43.51:523][  0]LogShaderLibrary: Display: Created IoStoreShaderArchive header: shaders grouped in 379 groups (139 of them didn't need new indices), average uncompressed size 150965 bytes, min 249 bytes, max 1048075 bytes (r.ShaderCodeLibrary.MaxShaderGroupSize=1048576)
[2026.06.29-16.43.51:793][  0]LogIoStore: Display: Global-PCD3D_SM5(PCD3D_SM5): Recompressed 4106 shaders as 379 groups. Library size changed from 12766 KB (4.38 : 1 ratio) to 5612 KB (9.96 : 1 ratio), 43.96% of previous.
[2026.06.29-16.43.52:465][  0]LogShaderLibrary: Display: Created IoStoreShaderArchive header: shaders grouped in 636 groups (187 of them didn't need new indices), average uncompressed size 298237 bytes, min 1249 bytes, max 1045520 bytes (r.ShaderCodeLibrary.MaxShaderGroupSize=1048576)
[2026.06.29-16.43.54:919][  0]LogIoStore: Display: Global-PCD3D_SM6(PCD3D_SM6): Recompressed 10691 shaders as 636 groups. Library size changed from 140593 KB (1.32 : 1 ratio) to 82364 KB (2.25 : 1 ratio), 58.58% of previous.
[2026.06.29-16.43.54:929][  0]LogShaderLibrary: Display: Created IoStoreShaderArchive header: shaders grouped in 257 groups (113 of them didn't need new indices), average uncompressed size 55963 bytes, min 490 bytes, max 966610 bytes (r.ShaderCodeLibrary.MaxShaderGroupSize=1048576)
[2026.06.29-16.43.54:980][  0]LogIoStore: Display: Ledesma_Roberto_TP2-PCD3D_SM5(PCD3D_SM5): Recompressed 1382 shaders as 257 groups. Library size changed from 3966 KB (3.54 : 1 ratio) to 1765 KB (7.96 : 1 ratio), 44.51% of previous.
[2026.06.29-16.43.54:995][  0]LogShaderLibrary: Display: Created IoStoreShaderArchive header: shaders grouped in 299 groups (63 of them didn't need new indices), average uncompressed size 136535 bytes, min 2342 bytes, max 963395 bytes (r.ShaderCodeLibrary.MaxShaderGroupSize=1048576)
[2026.06.29-16.43.55:403][  0]LogIoStore: Display: Ledesma_Roberto_TP2-PCD3D_SM6(PCD3D_SM6): Recompressed 3120 shaders as 299 groups. Library size changed from 30778 KB (1.30 : 1 ratio) to 20939 KB (1.90 : 1 ratio), 68.03% of previous.
[2026.06.29-16.43.55:409][  0]LogIoStore: Display: Shaders processed in 4.02 seconds
[2026.06.29-16.43.55:411][  0]LogIoStore: Display: Initialized WriteRequestManager with MaxConcurrentSourceReads=6 (12 cores), MaxSourceBufferMemory=3072MiB
[2026.06.29-16.43.55:414][  0]LogIoStore: Display: Processing redirects...
[2026.06.29-16.43.55:415][  0]LogIoStore: Display: Creating disk layout...
[2026.06.29-16.43.55:417][  0]LogIoStore: Display: Ordered 1297 packages using fallback bundle order
[2026.06.29-16.43.55:435][  0]LogIoStore: Display: Serializing container(s)...
[2026.06.29-16.43.57:444][  0]LogIoStore: Display: Writing chunks 2235/3529... [840 compressed] [3166 compression tasks] [Physical: 1426 MiB, Virtual: 4267 MiB]
[2026.06.29-16.43.59:447][  0]LogIoStore: Display: Writing chunks 2897/3529... [1337 compressed] [4281 compression tasks] [Physical: 2070 MiB, Virtual: 4760 MiB]
[2026.06.29-16.44.01:453][  0]LogIoStore: Display: Writing chunks 2930/3529... [1407 compressed] [4050 compression tasks] [Physical: 2217 MiB, Virtual: 4712 MiB]
[2026.06.29-16.44.03:486][  0]LogIoStore: Display: Writing chunks 2959/3529... [1455 compressed] [5010 compression tasks] [Physical: 2580 MiB, Virtual: 4901 MiB]
[2026.06.29-16.44.05:530][  0]LogIoStore: Display: Writing chunks 2994/3529... [1523 compressed] [5078 compression tasks] [Physical: 2733 MiB, Virtual: 4876 MiB]
[2026.06.29-16.44.07:561][  0]LogIoStore: Display: Writing chunks 3052/3529... [1574 compressed] [5341 compression tasks] [Physical: 2964 MiB, Virtual: 4951 MiB]
[2026.06.29-16.44.09:575][  0]LogIoStore: Display: Writing chunks 3218/3529... [1643 compressed] [3638 compression tasks] [Physical: 2764 MiB, Virtual: 4507 MiB]
[2026.06.29-16.44.11:583][  0]LogIoStore: Display: Writing chunks 3331/3529... [1756 compressed] [1606 compression tasks] [Physical: 2449 MiB, Virtual: 4053 MiB]
[2026.06.29-16.44.13:153][  0]LogIoStore: Display: Writing and compressing took 16.83 seconds, writes to disk took 12.36 seconds for 1,875,692,656 bytes @ 151,749,497 bytes per second.
[2026.06.29-16.44.13:154][  0]LogIoStore: Display: global: Found perfect hashmap for 1 items.
[2026.06.29-16.44.13:155][  0]LogIoStore: Display: Ledesma_Roberto_TP2-Windows: Found perfect hashmap for 3528 items.
[2026.06.29-16.44.13:172][  0]LogIoStore: Display: Finalize took 0.0 seconds for 2 writers to write 1,037,509 bytes, 57,164,290 bytes per second
[2026.06.29-16.44.13:172][  0]LogIoStore: Display: Writing tocs... [Physical: 2183 MiB, Virtual: 3716 MiB]
[2026.06.29-16.44.13:172][  0]LogIoStore: Display: 656 / 3,529 hashes were loaded from the hash database, by type:
[2026.06.29-16.44.13:175][  0]LogIoStore: Display:     BulkData                   655
[2026.06.29-16.44.13:175][  0]LogIoStore: Display:     OptionalBulkData           1
[2026.06.29-16.44.13:175][  0]LogIoStore: Display: 1,953 / 3,529 chunks attempted to compress, by type:
[2026.06.29-16.44.13:175][  0]LogIoStore: Display:     ExportBundleData           1,297 / 1,297
[2026.06.29-16.44.13:175][  0]LogIoStore: Display:     BulkData                   655 / 655
[2026.06.29-16.44.13:175][  0]LogIoStore: Display:     OptionalBulkData           1 / 1
[2026.06.29-16.44.13:175][  0]LogIoStore: Display:     ScriptObjects              0 / 1
[2026.06.29-16.44.13:175][  0]LogIoStore: Display:     ContainerHeader            0 / 1
[2026.06.29-16.44.13:175][  0]LogIoStore: Display:     ShaderCodeLibrary          0 / 4
[2026.06.29-16.44.13:175][  0]LogIoStore: Display:     ShaderCode                 0 / 1,570
[2026.06.29-16.44.13:175][  0]LogIoStore: Display: Source bytes read:
[2026.06.29-16.44.13:175][  0]LogIoStore: Display:     Zen:                                  0
[2026.06.29-16.44.13:176][  0]LogIoStore: Display:     Loose File:               4,385,578,813
[2026.06.29-16.44.13:176][  0]LogIoStore: Display:         ExportBundleData        841,009,482 bytes over 2,594 reads
[2026.06.29-16.44.13:176][  0]LogIoStore: Display:         BulkData               3,511,014,899 bytes over 655 reads
[2026.06.29-16.44.13:176][  0]LogIoStore: Display:         OptionalBulkData         33,554,432 bytes over 1 reads
[2026.06.29-16.44.13:176][  0]LogIoStore: Display:     Memory:                     228,230,670
[2026.06.29-16.44.13:176][  0]LogIoStore: Display:         ShaderCodeLibrary         1,555,712 bytes over 8 reads
[2026.06.29-16.44.13:176][  0]LogIoStore: Display:         ShaderCode              226,674,958 bytes over 3,140 reads
[2026.06.29-16.44.13:176][  0]LogIoStore: Display: Calculating stats...
[2026.06.29-16.44.13:176][  0]LogIoStore: Display: 
[2026.06.29-16.44.13:176][  0]LogIoStore: Display: Container Summary
[2026.06.29-16.44.13:176][  0]LogIoStore: Display: ==================
[2026.06.29-16.44.13:176][  0]LogIoStore: Display: 
[2026.06.29-16.44.13:176][  0]LogIoStore: Display: Container                                               Flags      Chunk(s) #       TOC (KiB)       Raw Size (MiB)           Size (MiB)
[2026.06.29-16.44.13:176][  0]LogIoStore: Display: ----------------------------------------------------------------------------------------------------------------------------------------------
[2026.06.29-16.44.13:176][  0]LogIoStore: Display: global                                              -/-/-/-/-               1            0.65                 2.43                 2.43 -
[2026.06.29-16.44.13:176][  0]LogIoStore: Display: Ledesma_Roberto_TP2-Windows                         C/-/-/I/-            3528         1012.55              3894.19              1786.37 (54.13% Oodle)
[2026.06.29-16.44.13:176][  0]LogIoStore: Display: ----------------------------------------------------------------------------------------------------------------------------------------------
[2026.06.29-16.44.13:176][  0]LogIoStore: Display: Total                                                                    3529         1013.19              3896.62              1788.80
[2026.06.29-16.44.13:176][  0]LogIoStore: Display: 
[2026.06.29-16.44.13:176][  0]LogIoStore: Display: ** Flags: (C)ompressed / (E)ncrypted / (S)igned) / (I)ndexed) / (O)nDemand **
[2026.06.29-16.44.13:176][  0]LogIoStore: Display: 
[2026.06.29-16.44.13:176][  0]LogIoStore: Display: Compression block padding:     2.69 MiB
[2026.06.29-16.44.13:176][  0]LogIoStore: Display: 
[2026.06.29-16.44.13:176][  0]LogIoStore: Display: Container Directory Index
[2026.06.29-16.44.13:176][  0]LogIoStore: Display: ==========================
[2026.06.29-16.44.13:176][  0]LogIoStore: Display: 
[2026.06.29-16.44.13:176][  0]LogIoStore: Display: Container                                          Size (KiB)
[2026.06.29-16.44.13:176][  0]LogIoStore: Display: ----------------------------------------------------------------------------------------------------------------------------------------------
[2026.06.29-16.44.13:176][  0]LogIoStore: Display: global                                                   0.00
[2026.06.29-16.44.13:176][  0]LogIoStore: Display: Ledesma_Roberto_TP2-Windows                             86.38
[2026.06.29-16.44.13:176][  0]LogIoStore: Display: 
[2026.06.29-16.44.13:176][  0]LogIoStore: Display: Container Patch Report
[2026.06.29-16.44.13:176][  0]LogIoStore: Display: ========================
[2026.06.29-16.44.13:176][  0]LogIoStore: Display: 
[2026.06.29-16.44.13:176][  0]LogIoStore: Display: Container                                             Total #       Modified #          Added #   Modified (MiB)      Added (MiB)
[2026.06.29-16.44.13:176][  0]LogIoStore: Display: ----------------------------------------------------------------------------------------------------------------------------------------------
[2026.06.29-16.44.13:176][  0]LogIoStore: Display: global                                                      1                0                0             0.00             0.00
[2026.06.29-16.44.13:176][  0]LogIoStore: Display: Ledesma_Roberto_TP2-Windows                              3528                0             3528             0.00          1783.68
[2026.06.29-16.44.13:176][  0]LogIoStore: Display: 
[2026.06.29-16.44.13:176][  0]LogIoStore: Display: PackageStore
[2026.06.29-16.44.13:176][  0]LogIoStore: Display: =============
[2026.06.29-16.44.13:176][  0]LogIoStore: Display: 
[2026.06.29-16.44.13:176][  0]LogIoStore: Display: Container                                          Size (KiB)      Packages #     Localized #
[2026.06.29-16.44.13:176][  0]LogIoStore: Display: ----------------------------------------------------------------------------------------------------------------------------------------------
[2026.06.29-16.44.13:176][  0]LogIoStore: Display: Ledesma_Roberto_TP2-Windows                                43            1297               0
[2026.06.29-16.44.13:176][  0]LogIoStore: Display: ----------------------------------------------------------------------------------------------------------------------------------------------
[2026.06.29-16.44.13:176][  0]LogIoStore: Display: Total                                                      43            1297               0
[2026.06.29-16.44.13:176][  0]LogIoStore: Display: 
[2026.06.29-16.44.13:176][  0]LogIoStore: Display: 
[2026.06.29-16.44.13:176][  0]LogIoStore: Display: Input:      1297 Packages
[2026.06.29-16.44.13:176][  0]LogIoStore: Display: Input:      0.39 GB UExp
[2026.06.29-16.44.13:176][  0]LogIoStore: Display: Input:      0.00 GB UAsset
[2026.06.29-16.44.13:176][  0]LogIoStore: Display: Input:      3.30 GB UBulk
[2026.06.29-16.44.13:176][  0]LogIoStore: Display: Input:     85.91 MB for 1015 Global shaders
[2026.06.29-16.44.13:176][  0]LogIoStore: Display: Input:      2.86 MB for 219 Shared shaders
[2026.06.29-16.44.13:176][  0]LogIoStore: Display: Input:      0.00 MB for 0 Unique shaders
[2026.06.29-16.44.13:176][  0]LogIoStore: Display: Input:     19.31 MB for 336 Inline shaders
[2026.06.29-16.44.13:176][  0]LogIoStore: Display: 
[2026.06.29-16.44.13:176][  0]LogIoStore: Display: Output:    10191 Name map entries
[2026.06.29-16.44.13:176][  0]LogIoStore: Display: Output:     1579 Imported package entries
[2026.06.29-16.44.13:177][  0]LogIoStore: Display: Output:      759 Packages without imports
[2026.06.29-16.44.13:177][  0]LogIoStore: Display: Output:        0 Public runtime script objects
[2026.06.29-16.44.13:177][  0]LogIoStore: Display: Output:     0.00 GB HeaderData
[2026.06.29-16.44.13:177][  0]LogIoStore: Display: Output:     2.43 MB InitialLoadData
[2026.06.29-16.44.13:177][  0]LogIoStore: Display: 
[2026.06.29-16.44.13:184][  0]LogPakFile: Display: UnrealPak executed in 22.172895 seconds
[2026.06.29-16.44.13:194][  0]LogCore: Engine exit requested (reason: UnrealPak Exiting)
[2026.06.29-16.44.13:194][  0]LogExit: Preparing to exit.
[2026.06.29-16.44.13:218][  0]LogExit: Object subsystem successfully closed.
[2026.06.29-16.44.13:222][  0]LogPakFile: Destroying PakPlatformFile
[2026.06.29-16.44.13:224][  0]LogExit: Exiting.
[2026.06.29-16.44.13:237][  0]Log file closed, 06/29/26 13:44:13
