Log file open, 06/29/26 14:08:03
LogTrace: Initializing trace...
LogTrace: Finished trace initialization.
LogInit: Session CrashGUID >====================================================
         Session CrashGUID >   UECC-Windows-BF51C05C45BDFE44D04A22AA01E1E1F1
         Session CrashGUID >====================================================
LogConfig: No local boot hotfix file found at: [../../../../../../Users/Noelia/Documents/GitHub/Multiplataformas_NoeliayLuciana/Ledesma_Roberto_TP2/Saved/PersistentDownloadDir/HotfixForNextBoot.txt]
LogPluginManager: Mounting Engine plugin PlatformCrypto
LogInit: ExecutableName: UnrealPak.exe
LogInit: Build: ++UE5+Release-5.6-CL-44394996
LogInit: Platform=WindowsEditor
LogInit: MachineId=f2ff2aaa45ff0d8015d503887606bfde
LogInit: DeviceId=
LogInit: Engine Version: 5.6.1-44394996+++UE5+Release-5.6
LogInit: Compatible Engine Version: 5.6.0-43139311+++UE5+Release-5.6
LogInit: Net CL: 43139311
LogInit: OS: Windows 11 (25H2) [10.0.26200.8457] (), CPU: AMD Ryzen 5 5600GT with Radeon Graphics        , GPU: NVIDIA GeForce RTX 3050
LogInit: Compiled (64-bit): Jul 28 2025 21:09:38
LogInit: Architecture: x64
LogInit: Compiled with Visual C++: 19.38.33130.00
LogInit: Build Configuration: Development
LogInit: Branch Name: ++UE5+Release-5.6
LogInit: Command Line: -CreateGlobalContainer=C:\Users\Noelia\Documents\GitHub\Multiplataformas_NoeliayLuciana\Ledesma_Roberto_TP2\Saved\StagedBuilds\Windows\Ledesma_Roberto_TP2\Content\Paks\global.utoc -PackageStoreManifest=C:\Users\Noelia\Documents\GitHub\Multiplataformas_NoeliayLuciana\Ledesma_Roberto_TP2\Saved\Cooked\Windows\Ledesma_Roberto_TP2\Metadata\packagestore.manifest -CookedDirectory=C:\Users\Noelia\Documents\GitHub\Multiplataformas_NoeliayLuciana\Ledesma_Roberto_TP2\Saved\Cooked\Windows -Commands="C:\Users\Noelia\AppData\Roaming\Unreal Engine\AutomationTool\Logs\C+Program+Files+Epic+Games+UE_5.6\IoStoreCommands.txt" -ScriptObjects=C:\Users\Noelia\Documents\GitHub\Multiplataformas_NoeliayLuciana\Ledesma_Roberto_TP2\Saved\Cooked\Windows\Ledesma_Roberto_TP2\Metadata\scriptobjects.bin -patchpaddingalign=2048 -compressionformats=Oodle -compresslevel=4 -compressmethod=Kraken -cryptokeys=C:\Users\Noelia\Documents\GitHub\Multiplataformas_NoeliayLuciana\Ledesma_Roberto_TP2\Saved\Cooked\Windows\Ledesma_Roberto_TP2\Metadata\Crypto.json -compressionMinBytesSaved=1024 -compressionMinPercentSaved=5 -WriteBackMetadataToAssetRegistry=Disabled -nopak
LogInit: Base Directory: C:/Program Files/Epic Games/UE_5.6/Engine/Binaries/Win64/
LogInit: Allocator: Mimalloc
LogInit: Installed Engine Build: 1
LogInit: This binary is optimized with LTO: no, PGO: no, instrumented for PGO data collection: no
LogDevObjectVersion: Number of dev versions registered: 35
LogDevObjectVersion:   Dev-Blueprints (B0D832E4-1F89-4F0D-ACCF-7EB736FD4AA2): 10
LogDevObjectVersion:   Dev-Build (E1C64328-A22C-4D53-A36C-8E866417BD8C): 0
LogDevObjectVersion:   Dev-Core (375EC13C-06E4-48FB-B500-84F0262A717E): 4
LogDevObjectVersion:   Dev-Editor (E4B068ED-F494-42E9-A231-DA0B2E46BB41): 40
LogDevObjectVersion:   Dev-Framework (CFFC743F-43B0-4480-9391-14DF171D2073): 37
LogDevObjectVersion:   Dev-Mobile (B02B49B5-BB20-44E9-A304-32B752E40360): 3
LogDevObjectVersion:   Dev-Networking (A4E4105C-59A1-49B5-A7C5-40C4547EDFEE): 0
LogDevObjectVersion:   Dev-Online (39C831C9-5AE6-47DC-9A44-9C173E1C8E7C): 0
LogDevObjectVersion:   Dev-Physics (78F01B33-EBEA-4F98-B9B4-84EACCB95AA2): 20
LogDevObjectVersion:   Dev-Platform (6631380F-2D4D-43E0-8009-CF276956A95A): 0
LogDevObjectVersion:   Dev-Rendering (12F88B9F-8875-4AFC-A67C-D90C383ABD29): 49
LogDevObjectVersion:   Dev-Sequencer (7B5AE74C-D270-4C10-A958-57980B212A5A): 13
LogDevObjectVersion:   Dev-VR (D7296918-1DD6-4BDD-9DE2-64A83CC13884): 3
LogDevObjectVersion:   Dev-LoadTimes (C2A15278-BFE7-4AFE-6C17-90FF531DF755): 1
LogDevObjectVersion:   Private-Geometry (6EACA3D4-40EC-4CC1-B786-8BED09428FC5): 3
LogDevObjectVersion:   Dev-AnimPhys (29E575DD-E0A3-4627-9D10-D276232CDCEA): 17
LogDevObjectVersion:   Dev-Anim (AF43A65D-7FD3-4947-9873-3E8ED9C1BB05): 15
LogDevObjectVersion:   Dev-ReflectionCapture (6B266CEC-1EC7-4B8F-A30B-E4D90942FC07): 1
LogDevObjectVersion:   Dev-Automation (0DF73D61-A23F-47EA-B727-89E90C41499A): 1
LogDevObjectVersion:   FortniteMain (601D1886-AC64-4F84-AA16-D3DE0DEAC7D6): 207
LogDevObjectVersion:   FortniteValkyrie (8DBC2C5B-54A7-43E0-A768-FCBB7DA29060): 8
LogDevObjectVersion:   FortniteSeason (5B4C06B7-2463-4AF8-805B-BF70CDF5D0DD): 13
LogDevObjectVersion:   FortniteRelease (E7086368-6B23-4C58-8439-1B7016265E91): 17
LogDevObjectVersion:   Dev-Enterprise (9DFFBCD6-494F-0158-E221-12823C92A888): 11
LogDevObjectVersion:   Dev-Niagara (F2AED0AC-9AFE-416F-8664-AA7FFA26D6FC): 1
LogDevObjectVersion:   Dev-Destruction (174F1F0B-B4C6-45A5-B13F-2EE8D0FB917D): 10
LogDevObjectVersion:   Dev-Physics-Ext (35F94A83-E258-406C-A318-09F59610247C): 41
LogDevObjectVersion:   Dev-PhysicsMaterial-Chaos (B68FC16E-8B1B-42E2-B453-215C058844FE): 1
LogDevObjectVersion:   Dev-CineCamera (B2E18506-4273-CFC2-A54E-F4BB758BBA07): 1
LogDevObjectVersion:   Dev-VirtualProduction (64F58936-FD1B-42BA-BA96-7289D5D0FA4E): 1
LogDevObjectVersion:   UE5-Main (697DD581-E64F-41AB-AA4A-51ECBEB7B628): 121
LogDevObjectVersion:   UE5-Release (D89B5E42-24BD-4D46-8412-ACA8DF641779): 56
LogDevObjectVersion:   UE5-SpecialProject (59DA5D52-1232-4948-B878-597870B8E98B): 9
LogDevObjectVersion:   Dev-MediaFramework (6F0ED827-A609-4895-9C91-998D90180EA4): 2
LogDevObjectVersion:   Dev-NaniteResearch (30D58BE3-95EA-4282-A6E3-B159D8EBB06A): 1
LogInit: Presizing for max 100000 objects, including 0 objects not considered by GC.
LogInit: Object subsystem initialized
LogConfig: Applying CVar settings from Section [Startup] File [../../../Engine/Config/ConsoleVariables.ini]
LogConfig: CVar [[r.DumpShaderDebugInfo:2]] deferred - dummy variable created
LogConfig: CVar [[p.chaos.AllowCreatePhysxBodies:1]] deferred - dummy variable created
LogConfig: CVar [[fx.SkipVectorVMBackendOptimizations:1]] deferred - dummy variable created
LogConfig: CVar [[ds.CADTranslator.Meshing.ActivateThinZoneMeshing:0]] deferred - dummy variable created
[2026.06.29-17.08.03:546][  0]LogConfig: CVar [[ds.CADTranslator.Stitching.RemoveThinFaces:0]] deferred - dummy variable created
[2026.06.29-17.08.03:546][  0]LogConfig: Applying CVar settings from Section [Startup_Windows] File [../../../Engine/Config/ConsoleVariables.ini]
[2026.06.29-17.08.03:546][  0]LogConfig: Applying CVar settings from Section [ConsoleVariables] File [Engine]
[2026.06.29-17.08.03:546][  0]LogInit: Computer: DESKTOP-AERA584
[2026.06.29-17.08.03:546][  0]LogInit: User: Noelia
[2026.06.29-17.08.03:546][  0]LogInit: CPU Page size=4096, Cores=6
[2026.06.29-17.08.03:546][  0]LogInit: High frequency timer resolution =10.000000 MHz
[2026.06.29-17.08.03:546][  0]LogMemory: Process is running as part of a Windows Job with separate resource limits
[2026.06.29-17.08.03:546][  0]LogMemory: Memory total: Physical=13.9GB (14GB approx) Virtual=29.4GB
[2026.06.29-17.08.03:546][  0]LogMemory: Platform Memory Stats for WindowsEditor
[2026.06.29-17.08.03:546][  0]LogMemory: Process Physical Memory: 65.57 MB used, 65.57 MB peak
[2026.06.29-17.08.03:546][  0]LogMemory: Process Virtual Memory: 119.79 MB used, 119.79 MB peak
[2026.06.29-17.08.03:546][  0]LogMemory: Physical Memory: 8962.68 MB used,  5266.86 MB free, 14229.54 MB total
[2026.06.29-17.08.03:546][  0]LogMemory: Virtual Memory: 19155.34 MB used,  10946.20 MB free, 30101.54 MB total
[2026.06.29-17.08.03:553][  0]LogAssetRegistry: FAssetRegistry took 0.0001 seconds to start up
[2026.06.29-17.08.03:555][  0]LogUObjectArray: 462 objects as part of root set at end of initial load.
[2026.06.29-17.08.03:555][  0]LogUObjectArray: CloseDisregardForGC: 0/0 objects in disregard for GC pool
[2026.06.29-17.08.03:555][  0]LogInit: Using OS detected language ().
[2026.06.29-17.08.03:555][  0]LogInit: Using OS detected locale ().
[2026.06.29-17.08.03:556][  0]LogTextLocalizationManager: No localization for '' exists, so 'en' will be used for the language.
[2026.06.29-17.08.03:557][  0]LogTextLocalizationManager: No localization for '' exists, so 'en' will be used for the locale.
[2026.06.29-17.08.03:557][  0]LogInit: Using OS detected language ().
[2026.06.29-17.08.03:557][  0]LogInit: Using OS detected locale ().
[2026.06.29-17.08.03:557][  0]LogTextLocalizationManager: No localization for '' exists, so 'en' will be used for the language.
[2026.06.29-17.08.03:557][  0]LogTextLocalizationManager: No localization for '' exists, so 'en' will be used for the locale.
[2026.06.29-17.08.03:557][  0]LogPakFile: Display: ProjectDir: ../../../../../../Users/Noelia/Documents/GitHub/Multiplataformas_NoeliayLuciana/Ledesma_Roberto_TP2/
[2026.06.29-17.08.03:561][  0]LogIoStore: Display: ==================== IoStore Utils ====================
[2026.06.29-17.08.03:576][  0]LogIoStore: Display: Parsing crypto keys from a crypto key cache file 'C:\Users\Noelia\Documents\GitHub\Multiplataformas_NoeliayLuciana\Ledesma_Roberto_TP2\Saved\Cooked\Windows\Ledesma_Roberto_TP2\Metadata\Crypto.json'
[2026.06.29-17.08.03:850][  0]LogIoStore: Display: Container signing - DISABLED
[2026.06.29-17.08.03:850][  0]LogIoStore: Display: Directory index - ENABLED
[2026.06.29-17.08.03:850][  0]LogIoStore: Display: Using compression format 'Oodle'
[2026.06.29-17.08.03:850][  0]LogIoStore: Display: Using memory mapping alignment '16384'
[2026.06.29-17.08.03:850][  0]LogIoStore: Display: Using compression block size '65536'
[2026.06.29-17.08.03:850][  0]LogIoStore: Display: Using compression block alignment '2048'
[2026.06.29-17.08.03:850][  0]LogIoStore: Display: Using compression min bytes saved '1024'
[2026.06.29-17.08.03:850][  0]LogIoStore: Display: Using compression min percent saved '5'
[2026.06.29-17.08.03:850][  0]LogIoStore: Display: Using max partition size '0'
[2026.06.29-17.08.03:850][  0]LogIoStore: Display: Not using DDC for compression
[2026.06.29-17.08.03:850][  0]LogIoStore: Display: Using command list file: 'C:\Users\Noelia\AppData\Roaming\Unreal Engine\AutomationTool\Logs\C+Program+Files+Epic+Games+UE_5.6\IoStoreCommands.txt'
[2026.06.29-17.08.03:875][  0]LogIoStore: Display: Selected Oodle level 4 (Normal) from command line for shaders
[2026.06.29-17.08.03:878][  0]LogIoStore: Display: Fetched 1308 oplog items from Manifest in 0.00 seconds
[2026.06.29-17.08.03:898][  0]LogIoStore: Display: Parsed 1308 oplog items 0.02 seconds, 1953 chunks
[2026.06.29-17.08.03:920][  0]LogIoStore: Display: Using input asset registry: C:/Users/Noelia/Documents/GitHub/Multiplataformas_NoeliayLuciana/Ledesma_Roberto_TP2/Saved/Cooked/Windows/Ledesma_Roberto_TP2/Metadata/DevelopmentAssetRegistry.bin
[2026.06.29-17.08.03:934][  0]LogIoStore: Display: Loaded 656 chunk hashes from AssetRegistry in 0.03 seconds, 656 hashes updated in 0.00 seconds
[2026.06.29-17.08.03:947][  0]LogIoStore: Display: Searching for cooked assets in folder 'C:\Users\Noelia\Documents\GitHub\Multiplataformas_NoeliayLuciana\Ledesma_Roberto_TP2\Saved\Cooked\Windows'
[2026.06.29-17.08.03:996][  0]LogIoStore: Display: Found '3258' files
[2026.06.29-17.08.04:234][  0]LogIoStore: Display: Creating container targets...
[2026.06.29-17.08.04:246][  0]OodleDataCompression: Display: Oodle v2.9.13 format for pak/iostore with method=Kraken, level=4=Normal
[2026.06.29-17.08.04:297][  0]LogIoStore: Display: Parsing packages...
[2026.06.29-17.08.04:298][  0]LogIoStore: Display: Reading package assets...
[2026.06.29-17.08.04:454][  0]LogIoStore: Display: Reading 1000/1297: 'C:/Users/Noelia/Documents/GitHub/Multiplataformas_NoeliayLuciana/Ledesma_Roberto_TP2/Saved/Cooked/Windows/Engine/Plugins/Animation/ControlRig/Content/Controls/ControlRig_Box_solid.uasset'
[2026.06.29-17.08.04:487][  0]LogIoStore: Display: Packages read 1,297 files in 0.19 seconds, 2,054,046 total bytes, 10,899,658 bytes per second
[2026.06.29-17.08.04:495][  0]LogIoStore: Display: Processing shader libraries, compressing with Oodle Mermaid, level 4 (Normal)
[2026.06.29-17.08.04:530][  0]LogShaderLibrary: Display: Created IoStoreShaderArchive header: shaders grouped in 379 groups (139 of them didn't need new indices), average uncompressed size 150965 bytes, min 249 bytes, max 1048075 bytes (r.ShaderCodeLibrary.MaxShaderGroupSize=1048576)
[2026.06.29-17.08.04:698][  0]LogIoStore: Display: Global-PCD3D_SM5(PCD3D_SM5): Recompressed 4106 shaders as 379 groups. Library size changed from 12766 KB (4.38 : 1 ratio) to 5612 KB (9.96 : 1 ratio), 43.96% of previous.
[2026.06.29-17.08.05:151][  0]LogShaderLibrary: Display: Created IoStoreShaderArchive header: shaders grouped in 636 groups (187 of them didn't need new indices), average uncompressed size 298237 bytes, min 1249 bytes, max 1045520 bytes (r.ShaderCodeLibrary.MaxShaderGroupSize=1048576)
[2026.06.29-17.08.07:359][  0]LogIoStore: Display: Global-PCD3D_SM6(PCD3D_SM6): Recompressed 10691 shaders as 636 groups. Library size changed from 140593 KB (1.32 : 1 ratio) to 82364 KB (2.25 : 1 ratio), 58.58% of previous.
[2026.06.29-17.08.07:371][  0]LogShaderLibrary: Display: Created IoStoreShaderArchive header: shaders grouped in 257 groups (114 of them didn't need new indices), average uncompressed size 55963 bytes, min 490 bytes, max 966610 bytes (r.ShaderCodeLibrary.MaxShaderGroupSize=1048576)
[2026.06.29-17.08.07:417][  0]LogIoStore: Display: Ledesma_Roberto_TP2-PCD3D_SM5(PCD3D_SM5): Recompressed 1382 shaders as 257 groups. Library size changed from 3966 KB (3.54 : 1 ratio) to 1765 KB (7.96 : 1 ratio), 44.51% of previous.
[2026.06.29-17.08.07:432][  0]LogShaderLibrary: Display: Created IoStoreShaderArchive header: shaders grouped in 299 groups (63 of them didn't need new indices), average uncompressed size 136535 bytes, min 2342 bytes, max 963395 bytes (r.ShaderCodeLibrary.MaxShaderGroupSize=1048576)
[2026.06.29-17.08.07:763][  0]LogIoStore: Display: Ledesma_Roberto_TP2-PCD3D_SM6(PCD3D_SM6): Recompressed 3120 shaders as 299 groups. Library size changed from 30778 KB (1.30 : 1 ratio) to 20939 KB (1.90 : 1 ratio), 68.03% of previous.
[2026.06.29-17.08.07:768][  0]LogIoStore: Display: Shaders processed in 3.27 seconds
[2026.06.29-17.08.07:770][  0]LogIoStore: Display: Initialized WriteRequestManager with MaxConcurrentSourceReads=6 (12 cores), MaxSourceBufferMemory=3072MiB
[2026.06.29-17.08.07:775][  0]LogIoStore: Display: Processing redirects...
[2026.06.29-17.08.07:775][  0]LogIoStore: Display: Creating disk layout...
[2026.06.29-17.08.07:776][  0]LogIoStore: Display: Ordered 1297 packages using fallback bundle order
[2026.06.29-17.08.07:787][  0]LogIoStore: Display: Serializing container(s)...
[2026.06.29-17.08.09:823][  0]LogIoStore: Display: Writing chunks 2408/3529... [1088 compressed] [4772 compression tasks] [Physical: 1946 MiB, Virtual: 4826 MiB]
[2026.06.29-17.08.11:824][  0]LogIoStore: Display: Writing chunks 2912/3529... [1367 compressed] [5626 compression tasks] [Physical: 2454 MiB, Virtual: 5097 MiB]
[2026.06.29-17.08.13:829][  0]LogIoStore: Display: Writing chunks 2917/3529... [1431 compressed] [5438 compression tasks] [Physical: 2644 MiB, Virtual: 5005 MiB]
[2026.06.29-17.08.15:858][  0]LogIoStore: Display: Writing chunks 2920/3529... [1520 compressed] [2793 compression tasks] [Physical: 2275 MiB, Virtual: 4396 MiB]
[2026.06.29-17.08.17:866][  0]LogIoStore: Display: Writing chunks 3024/3529... [1583 compressed] [4005 compression tasks] [Physical: 2704 MiB, Virtual: 4601 MiB]
[2026.06.29-17.08.19:868][  0]LogIoStore: Display: Writing chunks 3078/3529... [1673 compressed] [3131 compression tasks] [Physical: 2646 MiB, Virtual: 4348 MiB]
[2026.06.29-17.08.21:877][  0]LogIoStore: Display: Writing chunks 3369/3529... [1794 compressed] [770 compression tasks] [Physical: 2234 MiB, Virtual: 3811 MiB]
[2026.06.29-17.08.22:591][  0]LogIoStore: Display: Writing and compressing took 14.13 seconds, writes to disk took 12.71 seconds for 1,874,708,048 bytes @ 147,452,610 bytes per second.
[2026.06.29-17.08.22:592][  0]LogIoStore: Display: global: Found perfect hashmap for 1 items.
[2026.06.29-17.08.22:593][  0]LogIoStore: Display: Ledesma_Roberto_TP2-Windows: Found perfect hashmap for 3528 items.
[2026.06.29-17.08.22:610][  0]LogIoStore: Display: Finalize took 0.0 seconds for 2 writers to write 1,037,065 bytes, 53,878,824 bytes per second
[2026.06.29-17.08.22:610][  0]LogIoStore: Display: Writing tocs... [Physical: 2107 MiB, Virtual: 3651 MiB]
[2026.06.29-17.08.22:610][  0]LogIoStore: Display: 656 / 3,529 hashes were loaded from the hash database, by type:
[2026.06.29-17.08.22:611][  0]LogIoStore: Display:     BulkData                   655
[2026.06.29-17.08.22:611][  0]LogIoStore: Display:     OptionalBulkData           1
[2026.06.29-17.08.22:611][  0]LogIoStore: Display: 1,953 / 3,529 chunks attempted to compress, by type:
[2026.06.29-17.08.22:611][  0]LogIoStore: Display:     ExportBundleData           1,297 / 1,297
[2026.06.29-17.08.22:611][  0]LogIoStore: Display:     BulkData                   655 / 655
[2026.06.29-17.08.22:611][  0]LogIoStore: Display:     OptionalBulkData           1 / 1
[2026.06.29-17.08.22:611][  0]LogIoStore: Display:     ScriptObjects              0 / 1
[2026.06.29-17.08.22:611][  0]LogIoStore: Display:     ContainerHeader            0 / 1
[2026.06.29-17.08.22:611][  0]LogIoStore: Display:     ShaderCodeLibrary          0 / 4
[2026.06.29-17.08.22:611][  0]LogIoStore: Display:     ShaderCode                 0 / 1,570
[2026.06.29-17.08.22:611][  0]LogIoStore: Display: Source bytes read:
[2026.06.29-17.08.22:611][  0]LogIoStore: Display:     Zen:                                  0
[2026.06.29-17.08.22:612][  0]LogIoStore: Display:     Loose File:               4,381,266,277
[2026.06.29-17.08.22:612][  0]LogIoStore: Display:         ExportBundleData        836,696,946 bytes over 2,594 reads
[2026.06.29-17.08.22:612][  0]LogIoStore: Display:         BulkData               3,511,014,899 bytes over 655 reads
[2026.06.29-17.08.22:612][  0]LogIoStore: Display:         OptionalBulkData         33,554,432 bytes over 1 reads
[2026.06.29-17.08.22:612][  0]LogIoStore: Display:     Memory:                     228,230,654
[2026.06.29-17.08.22:612][  0]LogIoStore: Display:         ShaderCodeLibrary         1,555,696 bytes over 8 reads
[2026.06.29-17.08.22:612][  0]LogIoStore: Display:         ShaderCode              226,674,958 bytes over 3,140 reads
[2026.06.29-17.08.22:612][  0]LogIoStore: Display: Calculating stats...
[2026.06.29-17.08.22:613][  0]LogIoStore: Display: 
[2026.06.29-17.08.22:613][  0]LogIoStore: Display: Container Summary
[2026.06.29-17.08.22:613][  0]LogIoStore: Display: ==================
[2026.06.29-17.08.22:613][  0]LogIoStore: Display: 
[2026.06.29-17.08.22:613][  0]LogIoStore: Display: Container                                               Flags      Chunk(s) #       TOC (KiB)       Raw Size (MiB)           Size (MiB)
[2026.06.29-17.08.22:613][  0]LogIoStore: Display: ----------------------------------------------------------------------------------------------------------------------------------------------
[2026.06.29-17.08.22:613][  0]LogIoStore: Display: global                                              -/-/-/-/-               1            0.65                 2.43                 2.43 -
[2026.06.29-17.08.22:613][  0]LogIoStore: Display: Ledesma_Roberto_TP2-Windows                         C/-/-/I/-            3528         1012.11              3892.13              1785.43 (54.13% Oodle)
[2026.06.29-17.08.22:613][  0]LogIoStore: Display: ----------------------------------------------------------------------------------------------------------------------------------------------
[2026.06.29-17.08.22:613][  0]LogIoStore: Display: Total                                                                    3529         1012.76              3894.56              1787.86
[2026.06.29-17.08.22:613][  0]LogIoStore: Display: 
[2026.06.29-17.08.22:613][  0]LogIoStore: Display: ** Flags: (C)ompressed / (E)ncrypted / (S)igned) / (I)ndexed) / (O)nDemand **
[2026.06.29-17.08.22:613][  0]LogIoStore: Display: 
[2026.06.29-17.08.22:613][  0]LogIoStore: Display: Compression block padding:     2.69 MiB
[2026.06.29-17.08.22:613][  0]LogIoStore: Display: 
[2026.06.29-17.08.22:613][  0]LogIoStore: Display: Container Directory Index
[2026.06.29-17.08.22:613][  0]LogIoStore: Display: ==========================
[2026.06.29-17.08.22:613][  0]LogIoStore: Display: 
[2026.06.29-17.08.22:613][  0]LogIoStore: Display: Container                                          Size (KiB)
[2026.06.29-17.08.22:613][  0]LogIoStore: Display: ----------------------------------------------------------------------------------------------------------------------------------------------
[2026.06.29-17.08.22:613][  0]LogIoStore: Display: global                                                   0.00
[2026.06.29-17.08.22:613][  0]LogIoStore: Display: Ledesma_Roberto_TP2-Windows                             86.38
[2026.06.29-17.08.22:613][  0]LogIoStore: Display: 
[2026.06.29-17.08.22:613][  0]LogIoStore: Display: Container Patch Report
[2026.06.29-17.08.22:613][  0]LogIoStore: Display: ========================
[2026.06.29-17.08.22:613][  0]LogIoStore: Display: 
[2026.06.29-17.08.22:613][  0]LogIoStore: Display: Container                                             Total #       Modified #          Added #   Modified (MiB)      Added (MiB)
[2026.06.29-17.08.22:613][  0]LogIoStore: Display: ----------------------------------------------------------------------------------------------------------------------------------------------
[2026.06.29-17.08.22:613][  0]LogIoStore: Display: global                                                      1                0                0             0.00             0.00
[2026.06.29-17.08.22:613][  0]LogIoStore: Display: Ledesma_Roberto_TP2-Windows                              3528                0             3528             0.00          1782.74
[2026.06.29-17.08.22:613][  0]LogIoStore: Display: 
[2026.06.29-17.08.22:613][  0]LogIoStore: Display: PackageStore
[2026.06.29-17.08.22:613][  0]LogIoStore: Display: =============
[2026.06.29-17.08.22:613][  0]LogIoStore: Display: 
[2026.06.29-17.08.22:613][  0]LogIoStore: Display: Container                                          Size (KiB)      Packages #     Localized #
[2026.06.29-17.08.22:613][  0]LogIoStore: Display: ----------------------------------------------------------------------------------------------------------------------------------------------
[2026.06.29-17.08.22:613][  0]LogIoStore: Display: Ledesma_Roberto_TP2-Windows                                44            1297               0
[2026.06.29-17.08.22:613][  0]LogIoStore: Display: ----------------------------------------------------------------------------------------------------------------------------------------------
[2026.06.29-17.08.22:613][  0]LogIoStore: Display: Total                                                      44            1297               0
[2026.06.29-17.08.22:613][  0]LogIoStore: Display: 
[2026.06.29-17.08.22:613][  0]LogIoStore: Display: 
[2026.06.29-17.08.22:613][  0]LogIoStore: Display: Input:      1297 Packages
[2026.06.29-17.08.22:613][  0]LogIoStore: Display: Input:      0.39 GB UExp
[2026.06.29-17.08.22:613][  0]LogIoStore: Display: Input:      0.00 GB UAsset
[2026.06.29-17.08.22:613][  0]LogIoStore: Display: Input:      3.30 GB UBulk
[2026.06.29-17.08.22:613][  0]LogIoStore: Display: Input:     85.91 MB for 1015 Global shaders
[2026.06.29-17.08.22:613][  0]LogIoStore: Display: Input:      3.12 MB for 227 Shared shaders
[2026.06.29-17.08.22:613][  0]LogIoStore: Display: Input:      0.00 MB for 0 Unique shaders
[2026.06.29-17.08.22:613][  0]LogIoStore: Display: Input:     19.05 MB for 328 Inline shaders
[2026.06.29-17.08.22:613][  0]LogIoStore: Display: 
[2026.06.29-17.08.22:613][  0]LogIoStore: Display: Output:    10191 Name map entries
[2026.06.29-17.08.22:613][  0]LogIoStore: Display: Output:     1579 Imported package entries
[2026.06.29-17.08.22:613][  0]LogIoStore: Display: Output:      759 Packages without imports
[2026.06.29-17.08.22:613][  0]LogIoStore: Display: Output:        0 Public runtime script objects
[2026.06.29-17.08.22:613][  0]LogIoStore: Display: Output:     0.00 GB HeaderData
[2026.06.29-17.08.22:613][  0]LogIoStore: Display: Output:     2.43 MB InitialLoadData
[2026.06.29-17.08.22:613][  0]LogIoStore: Display: 
[2026.06.29-17.08.22:625][  0]LogPakFile: Display: UnrealPak executed in 19.067411 seconds
[2026.06.29-17.08.22:629][  0]LogCore: Engine exit requested (reason: UnrealPak Exiting)
[2026.06.29-17.08.22:629][  0]LogExit: Preparing to exit.
[2026.06.29-17.08.22:652][  0]LogExit: Object subsystem successfully closed.
[2026.06.29-17.08.22:657][  0]LogPakFile: Destroying PakPlatformFile
[2026.06.29-17.08.22:659][  0]LogExit: Exiting.
[2026.06.29-17.08.22:671][  0]Log file closed, 06/29/26 14:08:22
